[2024-10-11T22:06:14.958+0000] {taskinstance.py:1090} INFO - Dependencies all met for dep_context=non-requeueable deps ti=<TaskInstance: pipeline_Test_1.Start manual__2024-10-11T22:06:12.162796+00:00 [queued]>
[2024-10-11T22:06:14.965+0000] {taskinstance.py:1090} INFO - Dependencies all met for dep_context=requeueable deps ti=<TaskInstance: pipeline_Test_1.Start manual__2024-10-11T22:06:12.162796+00:00 [queued]>
[2024-10-11T22:06:14.966+0000] {taskinstance.py:1288} INFO - 
--------------------------------------------------------------------------------
[2024-10-11T22:06:14.967+0000] {taskinstance.py:1289} INFO - Starting attempt 1 of 1
[2024-10-11T22:06:14.967+0000] {taskinstance.py:1290} INFO - 
--------------------------------------------------------------------------------
[2024-10-11T22:06:14.975+0000] {taskinstance.py:1309} INFO - Executing <Task(PythonOperator): Start> on 2024-10-11 22:06:12.162796+00:00
[2024-10-11T22:06:14.983+0000] {standard_task_runner.py:55} INFO - Started process 11627 to run task
[2024-10-11T22:06:14.999+0000] {standard_task_runner.py:82} INFO - Running: ['***', 'tasks', 'run', 'pipeline_Test_1', 'Start', 'manual__2024-10-11T22:06:12.162796+00:00', '--job-id', '39', '--raw', '--subdir', 'DAGS_FOLDER/pipeline_Test_1.py', '--cfg-path', '/tmp/tmp4cp98b3y']
[2024-10-11T22:06:15.000+0000] {standard_task_runner.py:83} INFO - Job 39: Subtask Start
[2024-10-11T22:06:15.064+0000] {logging_mixin.py:137} WARNING - /usr/local/lib/python3.9/site-packages/***/settings.py:250 DeprecationWarning: The sql_alchemy_conn option in [core] has been moved to the sql_alchemy_conn option in [database] - the old setting has been used, but please update your config.
[2024-10-11T22:06:15.182+0000] {task_command.py:389} INFO - Running <TaskInstance: pipeline_Test_1.Start manual__2024-10-11T22:06:12.162796+00:00 [running]> on host 233010463d86
[2024-10-11T22:06:15.289+0000] {taskinstance.py:1516} INFO - Exporting the following env vars:
AIRFLOW_CTX_DAG_OWNER=***
AIRFLOW_CTX_DAG_ID=pipeline_Test_1
AIRFLOW_CTX_TASK_ID=Start
AIRFLOW_CTX_EXECUTION_DATE=2024-10-11T22:06:12.162796+00:00
AIRFLOW_CTX_TRY_NUMBER=1
AIRFLOW_CTX_DAG_RUN_ID=manual__2024-10-11T22:06:12.162796+00:00
[2024-10-11T22:06:15.298+0000] {taskinstance.py:1776} ERROR - Task failed with exception
Traceback (most recent call last):
  File "/usr/local/lib/python3.9/site-packages/airflow/operators/python.py", line 175, in execute
    return_value = self.execute_callable()
  File "/usr/local/lib/python3.9/site-packages/airflow/operators/python.py", line 192, in execute_callable
    return self.python_callable(*self.op_args, **self.op_kwargs)
  File "/opt/airflow/dags/pipeline_Test_1.py", line 35, in get_or_create_run_id
    Variable.set("current_run_id", run_id)
NameError: name 'Variable' is not defined
[2024-10-11T22:06:15.307+0000] {taskinstance.py:1327} INFO - Marking task as FAILED. dag_id=pipeline_Test_1, task_id=Start, execution_date=20241011T220612, start_date=20241011T220614, end_date=20241011T220615
[2024-10-11T22:06:15.319+0000] {standard_task_runner.py:100} ERROR - Failed to execute job 39 for task Start (name 'Variable' is not defined; 11627)
[2024-10-11T22:06:15.344+0000] {local_task_job.py:212} INFO - Task exited with return code 1
[2024-10-11T22:06:15.369+0000] {taskinstance.py:2596} INFO - 0 downstream tasks scheduled from follow-on schedule check
